<?xml version="1.0" encoding="UTF-8"?>
<!-- Generated by org.testng.reporters.JUnitXMLReporter -->
<testsuite ignored="0" hostname="DESKTOP-66BAJ88" failures="6" tests="6" name="Test" time="110.174" errors="0" timestamp="2024-08-11T15:42:05 IST">
  <testcase classname="org.nsf.ui.modules.CreateUserModule" name="createUserScenario" time="21.511">
    <failure type="java.lang.AssertionError" message="expected [true] but found [false]">
      <![CDATA[java.lang.AssertionError: expected [true] but found [false]
at org.nsf.ui.modules.CreateUserModule.createUserScenario(CreateUserModule.java:94)
at java.base/java.util.ArrayList.forEach(ArrayList.java:1511)
... Removed 31 stack frames]]>
    </failure>
  </testcase> <!-- createUserScenario -->
  <testcase classname="org.nsf.ui.modules.CreateUserModule" name="createUserScenario" time="22.151">
    <failure type="java.lang.AssertionError" message="expected [true] but found [false]">
      <![CDATA[java.lang.AssertionError: expected [true] but found [false]
at org.nsf.ui.modules.CreateUserModule.createUserScenario(CreateUserModule.java:94)
at java.base/java.util.ArrayList.forEach(ArrayList.java:1511)
... Removed 31 stack frames]]>
    </failure>
  </testcase> <!-- createUserScenario -->
  <testcase classname="org.nsf.ui.modules.CreateUserModule" name="createUserScenario" time="23.758">
    <failure type="java.lang.AssertionError" message="expected [true] but found [false]">
      <![CDATA[java.lang.AssertionError: expected [true] but found [false]
at org.nsf.ui.modules.CreateUserModule.createUserScenario(CreateUserModule.java:94)
at java.base/java.util.ArrayList.forEach(ArrayList.java:1511)
... Removed 31 stack frames]]>
    </failure>
  </testcase> <!-- createUserScenario -->
  <testcase classname="org.nsf.ui.modules.CreateUserModule" name="createUserScenario" time="18.877">
    <failure type="java.lang.AssertionError" message="expected [true] but found [false]">
      <![CDATA[java.lang.AssertionError: expected [true] but found [false]
at org.nsf.ui.modules.CreateUserModule.createUserScenario(CreateUserModule.java:99)
at java.base/java.util.ArrayList.forEach(ArrayList.java:1511)
... Removed 31 stack frames]]>
    </failure>
  </testcase> <!-- createUserScenario -->
  <testcase classname="org.nsf.ui.modules.CreateUserModule" name="createUserScenario" time="22.914">
    <failure type="java.lang.AssertionError" message="expected [true] but found [false]">
      <![CDATA[java.lang.AssertionError: expected [true] but found [false]
at org.nsf.ui.modules.CreateUserModule.createUserScenario(CreateUserModule.java:99)
at java.base/java.util.ArrayList.forEach(ArrayList.java:1511)
... Removed 31 stack frames]]>
    </failure>
  </testcase> <!-- createUserScenario -->
  <testcase classname="org.nsf.ui.modules.CreateUserModule" name="createUserScenario" time="0.001">
    <failure type="java.lang.IllegalArgumentException" message="First Name cannot be blank">
      <![CDATA[java.lang.IllegalArgumentException: First Name cannot be blank
at org.nsf.ui.modules.CreateUserModule.assertNotBlank(CreateUserModule.java:160)
at org.nsf.ui.modules.CreateUserModule.createUserScenario(CreateUserModule.java:35)
at java.base/java.util.ArrayList.forEach(ArrayList.java:1511)
... Removed 27 stack frames]]>
    </failure>
  </testcase> <!-- createUserScenario -->
</testsuite> <!-- Test -->
