<?xml version="1.0" encoding="UTF-8"?>
<testng-results ignored="0" total="6" passed="5" failed="1" skipped="0">
  <reporter-output>
  </reporter-output>
  <suite started-at="2024-08-11T14:58:55 IST" name="Suite" finished-at="2024-08-11T15:00:54 IST" duration-ms="119746">
    <groups>
    </groups>
    <test started-at="2024-08-11T14:58:55 IST" name="Test" finished-at="2024-08-11T15:00:54 IST" duration-ms="119746">
      <class name="org.nsf.ui.modules.CreateUserModule">
        <test-method signature="createUserScenario(java.lang.String,java.lang.String,java.lang.String,java.lang.String,java.lang.String,java.lang.String,java.lang.String,java.lang.String,java.lang.String,java.lang.String,java.lang.String,java.lang.String,java.lang.String,java.lang.String,java.lang.String)[pri:0, instance:org.nsf.ui.modules.CreateUserModule@70dd7e15]" started-at="2024-08-11T14:58:56 IST" name="createUserScenario" data-provider="userData" finished-at="2024-08-11T14:59:20 IST" duration-ms="24738" status="PASS">
          <params>
            <param index="0">
              <value>
                <![CDATA[John]]>
              </value>
            </param>
            <param index="1">
              <value>
                <![CDATA[Doe]]>
              </value>
            </param>
            <param index="2">
              <value>
                <![CDATA[0307130851081]]>
              </value>
            </param>
            <param index="3">
              <value>
                <![CDATA[true]]>
              </value>
            </param>
            <param index="4">
              <value>
                <![CDATA[false]]>
              </value>
            </param>
            <param index="5">
              <value>
                <![CDATA[African]]>
              </value>
            </param>
            <param index="6">
              <value>
                <![CDATA[john.doe@example.com]]>
              </value>
            </param>
            <param index="7">
              <value>
                <![CDATA[0123456789]]>
              </value>
            </param>
            <param index="8">
              <value>
                <![CDATA[T!T@n1130]]>
              </value>
            </param>
            <param index="9">
              <value>
                <![CDATA[T!T@n1130]]>
              </value>
            </param>
            <param index="10">
              <value>
                <![CDATA[123]]>
              </value>
            </param>
            <param index="11">
              <value>
                <![CDATA[Elm Street]]>
              </value>
            </param>
            <param index="12">
              <value>
                <![CDATA[Springfield]]>
              </value>
            </param>
            <param index="13">
              <value>
                <![CDATA[North west]]>
              </value>
            </param>
            <param index="14">
              <value>
                <![CDATA[2000]]>
              </value>
            </param>
          </params>
          <reporter-output>
          </reporter-output>
        </test-method> <!-- createUserScenario -->
        <test-method signature="createUserScenario(java.lang.String,java.lang.String,java.lang.String,java.lang.String,java.lang.String,java.lang.String,java.lang.String,java.lang.String,java.lang.String,java.lang.String,java.lang.String,java.lang.String,java.lang.String,java.lang.String,java.lang.String)[pri:0, instance:org.nsf.ui.modules.CreateUserModule@70dd7e15]" started-at="2024-08-11T14:59:20 IST" name="createUserScenario" data-provider="userData" finished-at="2024-08-11T14:59:44 IST" duration-ms="23402" status="PASS">
          <params>
            <param index="0">
              <value>
                <![CDATA[Jane]]>
              </value>
            </param>
            <param index="1">
              <value>
                <![CDATA[Smith]]>
              </value>
            </param>
            <param index="2">
              <value>
                <![CDATA[0509146115084]]>
              </value>
            </param>
            <param index="3">
              <value>
                <![CDATA[false]]>
              </value>
            </param>
            <param index="4">
              <value>
                <![CDATA[true]]>
              </value>
            </param>
            <param index="5">
              <value>
                <![CDATA[Asian]]>
              </value>
            </param>
            <param index="6">
              <value>
                <![CDATA[jane.smith@example.com]]>
              </value>
            </param>
            <param index="7">
              <value>
                <![CDATA[0234567890]]>
              </value>
            </param>
            <param index="8">
              <value>
                <![CDATA[T!T@n1131]]>
              </value>
            </param>
            <param index="9">
              <value>
                <![CDATA[T!T@n1131]]>
              </value>
            </param>
            <param index="10">
              <value>
                <![CDATA[456]]>
              </value>
            </param>
            <param index="11">
              <value>
                <![CDATA[Maple Avenue]]>
              </value>
            </param>
            <param index="12">
              <value>
                <![CDATA[Rivertown]]>
              </value>
            </param>
            <param index="13">
              <value>
                <![CDATA[Free state]]>
              </value>
            </param>
            <param index="14">
              <value>
                <![CDATA[2001]]>
              </value>
            </param>
          </params>
          <reporter-output>
          </reporter-output>
        </test-method> <!-- createUserScenario -->
        <test-method signature="createUserScenario(java.lang.String,java.lang.String,java.lang.String,java.lang.String,java.lang.String,java.lang.String,java.lang.String,java.lang.String,java.lang.String,java.lang.String,java.lang.String,java.lang.String,java.lang.String,java.lang.String,java.lang.String)[pri:0, instance:org.nsf.ui.modules.CreateUserModule@70dd7e15]" started-at="2024-08-11T14:59:44 IST" name="createUserScenario" data-provider="userData" finished-at="2024-08-11T15:00:08 IST" duration-ms="23728" status="PASS">
          <params>
            <param index="0">
              <value>
                <![CDATA[Emily]]>
              </value>
            </param>
            <param index="1">
              <value>
                <![CDATA[Brown]]>
              </value>
            </param>
            <param index="2">
              <value>
                <![CDATA[0503120937084]]>
              </value>
            </param>
            <param index="3">
              <value>
                <![CDATA[true]]>
              </value>
            </param>
            <param index="4">
              <value>
                <![CDATA[true]]>
              </value>
            </param>
            <param index="5">
              <value>
                <![CDATA[Coloured]]>
              </value>
            </param>
            <param index="6">
              <value>
                <![CDATA[emily.brown@example.com]]>
              </value>
            </param>
            <param index="7">
              <value>
                <![CDATA[0234567891]]>
              </value>
            </param>
            <param index="8">
              <value>
                <![CDATA[T!T@n1132]]>
              </value>
            </param>
            <param index="9">
              <value>
                <![CDATA[T!T@n1132]]>
              </value>
            </param>
            <param index="10">
              <value>
                <![CDATA[789]]>
              </value>
            </param>
            <param index="11">
              <value>
                <![CDATA[Oak Lane]]>
              </value>
            </param>
            <param index="12">
              <value>
                <![CDATA[Metropolis]]>
              </value>
            </param>
            <param index="13">
              <value>
                <![CDATA[North west]]>
              </value>
            </param>
            <param index="14">
              <value>
                <![CDATA[2002]]>
              </value>
            </param>
          </params>
          <reporter-output>
          </reporter-output>
        </test-method> <!-- createUserScenario -->
        <test-method signature="createUserScenario(java.lang.String,java.lang.String,java.lang.String,java.lang.String,java.lang.String,java.lang.String,java.lang.String,java.lang.String,java.lang.String,java.lang.String,java.lang.String,java.lang.String,java.lang.String,java.lang.String,java.lang.String)[pri:0, instance:org.nsf.ui.modules.CreateUserModule@70dd7e15]" started-at="2024-08-11T15:00:08 IST" name="createUserScenario" data-provider="userData" finished-at="2024-08-11T15:00:30 IST" duration-ms="22834" status="PASS">
          <params>
            <param index="0">
              <value>
                <![CDATA[Michael]]>
              </value>
            </param>
            <param index="1">
              <value>
                <![CDATA[Johnson]]>
              </value>
            </param>
            <param index="2">
              <value>
                <![CDATA[0503120937085]]>
              </value>
            </param>
            <param index="3">
              <value>
                <![CDATA[false]]>
              </value>
            </param>
            <param index="4">
              <value>
                <![CDATA[false]]>
              </value>
            </param>
            <param index="5">
              <value>
                <![CDATA[White]]>
              </value>
            </param>
            <param index="6">
              <value>
                <![CDATA[michael.johnson@example.com]]>
              </value>
            </param>
            <param index="7">
              <value>
                <![CDATA[0345678902]]>
              </value>
            </param>
            <param index="8">
              <value>
                <![CDATA[T!T@n1133]]>
              </value>
            </param>
            <param index="9">
              <value>
                <![CDATA[T!T@n1133]]>
              </value>
            </param>
            <param index="10">
              <value>
                <![CDATA[790]]>
              </value>
            </param>
            <param index="11">
              <value>
                <![CDATA[Pine Road]]>
              </value>
            </param>
            <param index="12">
              <value>
                <![CDATA[Lakewood]]>
              </value>
            </param>
            <param index="13">
              <value>
                <![CDATA[Free state]]>
              </value>
            </param>
            <param index="14">
              <value>
                <![CDATA[2003]]>
              </value>
            </param>
          </params>
          <reporter-output>
          </reporter-output>
        </test-method> <!-- createUserScenario -->
        <test-method signature="createUserScenario(java.lang.String,java.lang.String,java.lang.String,java.lang.String,java.lang.String,java.lang.String,java.lang.String,java.lang.String,java.lang.String,java.lang.String,java.lang.String,java.lang.String,java.lang.String,java.lang.String,java.lang.String)[pri:0, instance:org.nsf.ui.modules.CreateUserModule@70dd7e15]" started-at="2024-08-11T15:00:30 IST" name="createUserScenario" data-provider="userData" finished-at="2024-08-11T15:00:54 IST" duration-ms="24145" status="PASS">
          <params>
            <param index="0">
              <value>
                <![CDATA[Sarah]]>
              </value>
            </param>
            <param index="1">
              <value>
                <![CDATA[Lee]]>
              </value>
            </param>
            <param index="2">
              <value>
                <![CDATA[0503120937086]]>
              </value>
            </param>
            <param index="3">
              <value>
                <![CDATA[true]]>
              </value>
            </param>
            <param index="4">
              <value>
                <![CDATA[false]]>
              </value>
            </param>
            <param index="5">
              <value>
                <![CDATA[African]]>
              </value>
            </param>
            <param index="6">
              <value>
                <![CDATA[sarah.lee@example.com]]>
              </value>
            </param>
            <param index="7">
              <value>
                <![CDATA[0345678903]]>
              </value>
            </param>
            <param index="8">
              <value>
                <![CDATA[T!T@n1134]]>
              </value>
            </param>
            <param index="9">
              <value>
                <![CDATA[T!T@n1134]]>
              </value>
            </param>
            <param index="10">
              <value>
                <![CDATA[791]]>
              </value>
            </param>
            <param index="11">
              <value>
                <![CDATA[Birch Boulevard]]>
              </value>
            </param>
            <param index="12">
              <value>
                <![CDATA[Greenwood]]>
              </value>
            </param>
            <param index="13">
              <value>
                <![CDATA[North west]]>
              </value>
            </param>
            <param index="14">
              <value>
                <![CDATA[2004]]>
              </value>
            </param>
          </params>
          <reporter-output>
          </reporter-output>
        </test-method> <!-- createUserScenario -->
        <test-method signature="createUserScenario(java.lang.String,java.lang.String,java.lang.String,java.lang.String,java.lang.String,java.lang.String,java.lang.String,java.lang.String,java.lang.String,java.lang.String,java.lang.String,java.lang.String,java.lang.String,java.lang.String,java.lang.String)[pri:0, instance:org.nsf.ui.modules.CreateUserModule@70dd7e15]" started-at="2024-08-11T15:00:54 IST" name="createUserScenario" data-provider="userData" finished-at="2024-08-11T15:00:54 IST" duration-ms="0" status="FAIL">
          <params>
            <param index="0">
              <value>
                <![CDATA[]]>
              </value>
            </param>
            <param index="1">
              <value>
                <![CDATA[]]>
              </value>
            </param>
            <param index="2">
              <value>
                <![CDATA[]]>
              </value>
            </param>
            <param index="3">
              <value>
                <![CDATA[]]>
              </value>
            </param>
            <param index="4">
              <value>
                <![CDATA[]]>
              </value>
            </param>
            <param index="5">
              <value>
                <![CDATA[]]>
              </value>
            </param>
            <param index="6">
              <value>
                <![CDATA[]]>
              </value>
            </param>
            <param index="7">
              <value>
                <![CDATA[]]>
              </value>
            </param>
            <param index="8">
              <value>
                <![CDATA[]]>
              </value>
            </param>
            <param index="9">
              <value>
                <![CDATA[]]>
              </value>
            </param>
            <param index="10">
              <value>
                <![CDATA[]]>
              </value>
            </param>
            <param index="11">
              <value>
                <![CDATA[]]>
              </value>
            </param>
            <param index="12">
              <value>
                <![CDATA[]]>
              </value>
            </param>
            <param index="13">
              <value>
                <![CDATA[]]>
              </value>
            </param>
            <param index="14">
              <value>
                <![CDATA[]]>
              </value>
            </param>
          </params>
          <exception class="java.lang.IllegalArgumentException">
            <message>
              <![CDATA[First Name cannot be blank]]>
            </message>
            <full-stacktrace>
              <![CDATA[java.lang.IllegalArgumentException: First Name cannot be blank
at org.nsf.ui.modules.CreateUserModule.assertNotBlank(CreateUserModule.java:144)
at org.nsf.ui.modules.CreateUserModule.createUserScenario(CreateUserModule.java:34)
at java.base/jdk.internal.reflect.NativeMethodAccessorImpl.invoke0(Native Method)
at java.base/jdk.internal.reflect.NativeMethodAccessorImpl.invoke(NativeMethodAccessorImpl.java:62)
at java.base/jdk.internal.reflect.DelegatingMethodAccessorImpl.invoke(DelegatingMethodAccessorImpl.java:43)
at java.base/java.lang.reflect.Method.invoke(Method.java:566)
at org.testng.internal.invokers.MethodInvocationHelper.invokeMethod(MethodInvocationHelper.java:141)
at org.testng.internal.invokers.TestInvoker.invokeMethod(TestInvoker.java:686)
at org.testng.internal.invokers.TestInvoker.invokeTestMethod(TestInvoker.java:230)
at org.testng.internal.invokers.MethodRunner.runInSequence(MethodRunner.java:63)
at org.testng.internal.invokers.TestInvoker$MethodInvocationAgent.invoke(TestInvoker.java:992)
at org.testng.internal.invokers.TestInvoker.invokeTestMethods(TestInvoker.java:203)
at org.testng.internal.invokers.TestMethodWorker.invokeTestMethods(TestMethodWorker.java:154)
at org.testng.internal.invokers.TestMethodWorker.run(TestMethodWorker.java:134)
at java.base/java.util.ArrayList.forEach(ArrayList.java:1541)
at org.testng.TestRunner.privateRun(TestRunner.java:739)
at org.testng.TestRunner.run(TestRunner.java:614)
at org.testng.SuiteRunner.runTest(SuiteRunner.java:421)
at org.testng.SuiteRunner.runSequentially(SuiteRunner.java:413)
at org.testng.SuiteRunner.privateRun(SuiteRunner.java:373)
at org.testng.SuiteRunner.run(SuiteRunner.java:312)
at org.testng.SuiteRunnerWorker.runSuite(SuiteRunnerWorker.java:52)
at org.testng.SuiteRunnerWorker.run(SuiteRunnerWorker.java:95)
at org.testng.TestNG.runSuitesSequentially(TestNG.java:1274)
at org.testng.TestNG.runSuitesLocally(TestNG.java:1208)
at org.testng.TestNG.runSuites(TestNG.java:1112)
at org.testng.TestNG.run(TestNG.java:1079)
at org.apache.maven.surefire.testng.TestNGExecutor.run(TestNGExecutor.java:308)
at org.apache.maven.surefire.testng.TestNGXmlTestSuite.execute(TestNGXmlTestSuite.java:71)
at org.apache.maven.surefire.testng.TestNGProvider.invoke(TestNGProvider.java:113)
at org.apache.maven.surefire.booter.ForkedBooter.runSuitesInProcess(ForkedBooter.java:385)
at org.apache.maven.surefire.booter.ForkedBooter.execute(ForkedBooter.java:162)
at org.apache.maven.surefire.booter.ForkedBooter.run(ForkedBooter.java:507)
at org.apache.maven.surefire.booter.ForkedBooter.main(ForkedBooter.java:495)
]]>
            </full-stacktrace>
          </exception> <!-- java.lang.IllegalArgumentException -->
          <reporter-output>
          </reporter-output>
        </test-method> <!-- createUserScenario -->
      </class> <!-- org.nsf.ui.modules.CreateUserModule -->
    </test> <!-- Test -->
  </suite> <!-- Suite -->
</testng-results>
