<?xml version="1.0" encoding="UTF-8"?>
<!-- Generated by org.testng.reporters.JUnitXMLReporter -->
<testsuite ignored="0" hostname="DESKTOP-66BAJ88" failures="1" tests="6" name="Test" time="119.746" errors="0" timestamp="2024-08-11T15:00:55 IST">
  <testcase classname="org.nsf.ui.modules.CreateUserModule" name="createUserScenario" time="24.738"/>
  <testcase classname="org.nsf.ui.modules.CreateUserModule" name="createUserScenario" time="23.402"/>
  <testcase classname="org.nsf.ui.modules.CreateUserModule" name="createUserScenario" time="23.728"/>
  <testcase classname="org.nsf.ui.modules.CreateUserModule" name="createUserScenario" time="22.834"/>
  <testcase classname="org.nsf.ui.modules.CreateUserModule" name="createUserScenario" time="24.145"/>
  <testcase classname="org.nsf.ui.modules.CreateUserModule" name="createUserScenario" time="0.0">
    <failure type="java.lang.IllegalArgumentException" message="First Name cannot be blank">
      <![CDATA[java.lang.IllegalArgumentException: First Name cannot be blank
at org.nsf.ui.modules.CreateUserModule.assertNotBlank(CreateUserModule.java:144)
at org.nsf.ui.modules.CreateUserModule.createUserScenario(CreateUserModule.java:34)
at java.base/java.util.ArrayList.forEach(ArrayList.java:1541)
... Removed 31 stack frames]]>
    </failure>
  </testcase> <!-- createUserScenario -->
</testsuite> <!-- Test -->
